<?xml version="1.0" encoding="UTF-8"?>
<!-- Generated by org.testng.reporters.JUnitReportReporter -->
<testsuite hostname="DESKTOP-PE6T2MU" failures="0" tests="5" name="MyRunner.Runner" time="104.712" errors="0" timestamp="2021-10-31T18:08:56 GMT" skipped="0">
  <testcase classname="MyRunner.Runner" name="runScenario" time="38.861"/>
  <system-out/>
  <testcase classname="MyRunner.Runner" name="runScenario" time="10.940"/>
  <system-out/>
  <testcase classname="MyRunner.Runner" name="runScenario" time="7.763"/>
  <system-out/>
  <testcase classname="MyRunner.Runner" name="runScenario" time="38.543"/>
  <system-out/>
  <testcase classname="MyRunner.Runner" name="runScenario" time="8.605"/>
  <system-out/>
</testsuite> <!-- MyRunner.Runner -->
