<?xml version="1.0" encoding="UTF-8"?>
<!-- Generated by org.testng.reporters.JUnitReportReporter -->
<testsuite skipped="0" hostname="DESKTOP-PE6T2MU" name="MyRunner.Runner" tests="10" failures="0" timestamp="2021-10-31T18:43:37 GMT" time="288.107" errors="0">
  <testcase name="runScenario" time="17.463" classname="MyRunner.Runner"/>
  <system-out/>
  <testcase name="runScenario" time="18.349" classname="MyRunner.Runner"/>
  <system-out/>
  <testcase name="runScenario" time="24.338" classname="MyRunner.Runner"/>
  <system-out/>
  <testcase name="runScenario" time="12.622" classname="MyRunner.Runner"/>
  <system-out/>
  <testcase name="runScenario" time="21.583" classname="MyRunner.Runner"/>
  <system-out/>
  <testcase name="runScenario" time="40.928" classname="MyRunner.Runner"/>
  <system-out/>
  <testcase name="runScenario" time="43.805" classname="MyRunner.Runner"/>
  <system-out/>
  <testcase name="runScenario" time="11.228" classname="MyRunner.Runner"/>
  <system-out/>
  <testcase name="runScenario" time="50.367" classname="MyRunner.Runner"/>
  <system-out/>
  <testcase name="runScenario" time="47.424" classname="MyRunner.Runner"/>
  <system-out/>
</testsuite> <!-- MyRunner.Runner -->
